<?xml version="1.0" encoding="UTF-8"?>
<!-- Generated by org.testng.reporters.JUnitReportReporter -->
<testsuite hostname="LAPTOP-UBQPUFNI" name="seleniumpractice.TestNGdemo" tests="3" failures="0" timestamp="5 Apr 2023 16:15:10 GMT" time="0.023" errors="0">
  <testcase name="verifylog" time="0.002" classname="seleniumpractice.TestNGdemo"/>
  <testcase name="verifytitle" time="0.007" classname="seleniumpractice.TestNGdemo"/>
  <testcase name="verifydashboard" time="0.014" classname="seleniumpractice.TestNGdemo"/>
</testsuite> <!-- seleniumpractice.TestNGdemo -->
