<?xml version="1.0" encoding="UTF-8"?>
<!-- Generated by org.testng.reporters.JUnitReportReporter -->
<testsuite hostname="LAPTOP-UBQPUFNI" name="seleniumpractice.PrioritytestDemo" tests="5" failures="0" timestamp="11 Apr 2023 16:07:51 GMT" time="168.615" errors="0">
  <testcase name="verifyd" time="44.936" classname="seleniumpractice.PrioritytestDemo"/>
  <testcase name="verifyc" time="41.406" classname="seleniumpractice.PrioritytestDemo"/>
  <testcase name="verifye" time="19.884" classname="seleniumpractice.PrioritytestDemo"/>
  <testcase name="verifya" time="21.812" classname="seleniumpractice.PrioritytestDemo"/>
  <testcase name="verifyb" time="40.577" classname="seleniumpractice.PrioritytestDemo"/>
</testsuite> <!-- seleniumpractice.PrioritytestDemo -->
