<?xml version="1.0" encoding="UTF-8"?>
<!-- Generated by org.testng.reporters.JUnitReportReporter -->
<testsuite hostname="LAPTOP-UBQPUFNI" name="com.qa.testngpractice.ParamenterDemo" tests="1" failures="0" timestamp="12 Apr 2023 16:12:01 GMT" time="18.052" errors="0">
  <testcase name="Login" time="18.052" classname="com.qa.testngpractice.ParamenterDemo"/>
</testsuite> <!-- com.qa.testngpractice.ParamenterDemo -->
