<?xml version="1.0" encoding="UTF-8"?>
<!-- Generated by org.testng.reporters.JUnitReportReporter -->
<testsuite hostname="LAPTOP-UBQPUFNI" name="seleniumpractice.TestNGfirstclass" tests="1" failures="0" timestamp="5 Apr 2023 15:23:21 GMT" time="0.021" errors="0">
  <testcase name="verifytitle" time="0.021" classname="seleniumpractice.TestNGfirstclass"/>
</testsuite> <!-- seleniumpractice.TestNGfirstclass -->
